2026-04-13 13:27:48,133 [INFO]   ✓ Loaded 13 WP categories: ['blog', 'body-fitness', 'conditions', 'fitness', 'health', 'health-diet', 'lifestyle', 'longevity', 'medical', 'mental-health', 'nutrition', 'sleep', 'weight-loss']
2026-04-13 13:27:48,136 [INFO] Starting bulk populate: 3 articles
2026-04-13 13:27:48,136 [INFO] Estimated time: ~1 minutes
2026-04-13 13:27:48,136 [INFO] 
[1/3] How to Improve Your Gut Health
2026-04-13 13:27:49,102 [INFO]   ⚠ Already exists — skipping
2026-04-13 13:27:49,102 [INFO] 
[2/3] How Much Protein Do You Actually Need Per Day
2026-04-13 13:27:50,076 [INFO]   ⚠ Already exists — skipping
2026-04-13 13:27:50,076 [INFO] 
[3/3] Zone 2 Training: What It Is, Why It Works, and How to Do It
2026-04-13 13:27:51,010 [INFO]   ⚠ Already exists — skipping
2026-04-13 13:27:51,010 [INFO] 
============================================================
BULK POPULATE COMPLETE
============================================================
Total topics:  3
Published:     0
Failed:        0
Skipped:       3
Log file:      /Users/priyeshpatel/Desktop/pgam-intelligence/healthnation-automation/logs/bulk_20260413_132746.log
============================================================
